[debug] [2020-10-28T17:08:57.802Z] ----------------------------------------------------------------------
[debug] [2020-10-28T17:08:57.805Z] Command:       C:\Program Files\nodejs\node.exe C:\Users\student\AppData\Roaming\npm\node_modules\firebase-tools\lib\bin\firebase.js emulators:start --only functions
[debug] [2020-10-28T17:08:57.805Z] CLI Version:   8.6.0
[debug] [2020-10-28T17:08:57.805Z] Platform:      win32
[debug] [2020-10-28T17:08:57.806Z] Node Version:  v14.3.0
[debug] [2020-10-28T17:08:57.807Z] Time:          Wed Oct 28 2020 10:08:57 GMT-0700 (Pacific Daylight Time)
[debug] [2020-10-28T17:08:57.807Z] ----------------------------------------------------------------------
[debug] [2020-10-28T17:08:57.807Z] 
[debug] [2020-10-28T17:08:57.821Z] > command requires scopes: ["email","openid","https://www.googleapis.com/auth/cloudplatformprojects.readonly","https://www.googleapis.com/auth/firebase","https://www.googleapis.com/auth/cloud-platform"]
[debug] [2020-10-28T17:08:57.822Z] > authorizing via signed-in user
[info] i  emulators: Starting emulators: functions {"metadata":{"emulator":{"name":"hub"},"message":"Starting emulators: functions"}}
[debug] [2020-10-28T17:08:59.903Z] [hub] writing locator at C:\Users\student\AppData\Local\Temp\hub-vfitness-8a2c3.json
[debug] [2020-10-28T17:09:01.927Z] defaultcredentials: writing to file C:\Users\student\AppData\Roaming\firebase\horix77777_gmail_com_application_default_credentials.json
[debug] [2020-10-28T17:09:01.928Z] Setting GAC to C:\Users\student\AppData\Roaming\firebase\horix77777_gmail_com_application_default_credentials.json {"metadata":{"emulator":{"name":"functions"},"message":"Setting GAC to C:\\Users\\student\\AppData\\Roaming\\firebase\\horix77777_gmail_com_application_default_credentials.json"}}
[warn] !  functions: The following emulators are not running, calls to these services from the Functions emulator will affect production: firestore, database, hosting, pubsub {"metadata":{"emulator":{"name":"functions"},"message":"The following emulators are not running, calls to these services from the Functions emulator will affect production: \u001b[1mfirestore, database, hosting, pubsub\u001b[22m"}}
[info] +  functions: Using node@14 from host. {"metadata":{"emulator":{"name":"functions"},"message":"Using node@14 from host."}}
[info] i  ui: downloading ui-v1.1.1.zip... {"metadata":{"emulator":{"name":"ui"},"message":"downloading ui-v1.1.1.zip..."}}
[info] i  emulators: Shutting down emulators. {"metadata":{"emulator":{"name":"hub"},"message":"Shutting down emulators."}}
[info] i  hub: Stopping emulator hub {"metadata":{"emulator":{"name":"hub"},"message":"Stopping emulator hub"}}
[info] i  ui: Stopping Emulator UI {"metadata":{"emulator":{"name":"ui"},"message":"Stopping Emulator UI"}}
[info] i  logging: Stopping Logging Emulator {"metadata":{"emulator":{"name":"logging"},"message":"Stopping Logging Emulator"}}
[info] i  functions: Stopping Functions Emulator {"metadata":{"emulator":{"name":"functions"},"message":"Stopping Functions Emulator"}}
[debug] [2020-10-28T17:09:06.640Z] Error: getaddrinfo ENOTFOUND storage.googleapis.com
    at GetAddrInfoReqWrap.onlookup [as oncomplete] (dns.js:66:26)
[error] 
[error] Error: An unexpected error has occurred.
[debug] [2020-10-28T17:09:43.474Z] ----------------------------------------------------------------------
[debug] [2020-10-28T17:09:43.476Z] Command:       C:\Program Files\nodejs\node.exe C:\Users\student\AppData\Roaming\npm\node_modules\firebase-tools\lib\bin\firebase.js emulators:start
[debug] [2020-10-28T17:09:43.477Z] CLI Version:   8.6.0
[debug] [2020-10-28T17:09:43.477Z] Platform:      win32
[debug] [2020-10-28T17:09:43.477Z] Node Version:  v14.3.0
[debug] [2020-10-28T17:09:43.478Z] Time:          Wed Oct 28 2020 10:09:43 GMT-0700 (Pacific Daylight Time)
[debug] [2020-10-28T17:09:43.479Z] ----------------------------------------------------------------------
[debug] [2020-10-28T17:09:43.479Z] 
[debug] [2020-10-28T17:09:43.491Z] > command requires scopes: ["email","openid","https://www.googleapis.com/auth/cloudplatformprojects.readonly","https://www.googleapis.com/auth/firebase","https://www.googleapis.com/auth/cloud-platform"]
[debug] [2020-10-28T17:09:43.491Z] > authorizing via signed-in user
[info] i  emulators: Starting emulators: functions, firestore, hosting {"metadata":{"emulator":{"name":"hub"},"message":"Starting emulators: functions, firestore, hosting"}}
[debug] [2020-10-28T17:09:45.545Z] [hub] writing locator at C:\Users\student\AppData\Local\Temp\hub-vfitness-8a2c3.json
[debug] [2020-10-28T17:09:47.566Z] defaultcredentials: writing to file C:\Users\student\AppData\Roaming\firebase\horix77777_gmail_com_application_default_credentials.json
[debug] [2020-10-28T17:09:47.568Z] Setting GAC to C:\Users\student\AppData\Roaming\firebase\horix77777_gmail_com_application_default_credentials.json {"metadata":{"emulator":{"name":"functions"},"message":"Setting GAC to C:\\Users\\student\\AppData\\Roaming\\firebase\\horix77777_gmail_com_application_default_credentials.json"}}
[warn] !  functions: The following emulators are not running, calls to these services from the Functions emulator will affect production: database, pubsub {"metadata":{"emulator":{"name":"functions"},"message":"The following emulators are not running, calls to these services from the Functions emulator will affect production: \u001b[1mdatabase, pubsub\u001b[22m"}}
[info] +  functions: Using node@14 from host. {"metadata":{"emulator":{"name":"functions"},"message":"Using node@14 from host."}}
[info] i  firestore: downloading cloud-firestore-emulator-v1.11.5.jar... {"metadata":{"emulator":{"name":"firestore"},"message":"downloading cloud-firestore-emulator-v1.11.5.jar..."}}
[info] i  emulators: Shutting down emulators. {"metadata":{"emulator":{"name":"hub"},"message":"Shutting down emulators."}}
[info] i  hub: Stopping emulator hub {"metadata":{"emulator":{"name":"hub"},"message":"Stopping emulator hub"}}
[info] i  functions: Stopping Functions Emulator {"metadata":{"emulator":{"name":"functions"},"message":"Stopping Functions Emulator"}}
[info] i  firestore: Stopping Firestore Emulator {"metadata":{"emulator":{"name":"firestore"},"message":"Stopping Firestore Emulator"}}
[debug] [2020-10-28T17:09:49.636Z] Error: getaddrinfo ENOTFOUND storage.googleapis.com
    at GetAddrInfoReqWrap.onlookup [as oncomplete] (dns.js:66:26)
[error] 
[error] Error: An unexpected error has occurred.
[debug] [2020-10-28T17:16:20.246Z] ----------------------------------------------------------------------
[debug] [2020-10-28T17:16:20.248Z] Command:       C:\Program Files\nodejs\node.exe C:\Users\student\AppData\Roaming\npm\node_modules\firebase-tools\lib\bin\firebase.js functions:shell
[debug] [2020-10-28T17:16:20.249Z] CLI Version:   8.6.0
[debug] [2020-10-28T17:16:20.249Z] Platform:      win32
[debug] [2020-10-28T17:16:20.249Z] Node Version:  v14.3.0
[debug] [2020-10-28T17:16:20.250Z] Time:          Wed Oct 28 2020 10:16:20 GMT-0700 (Pacific Daylight Time)
[debug] [2020-10-28T17:16:20.251Z] ----------------------------------------------------------------------
[debug] [2020-10-28T17:16:20.251Z] 
[debug] [2020-10-28T17:16:20.260Z] > command requires scopes: ["email","openid","https://www.googleapis.com/auth/cloudplatformprojects.readonly","https://www.googleapis.com/auth/firebase","https://www.googleapis.com/auth/cloud-platform"]
[debug] [2020-10-28T17:16:20.261Z] > authorizing via signed-in user
[debug] [2020-10-28T17:16:20.262Z] [iam] checking project vfitness-8a2c3 for permissions ["firebase.projects.get"]
[debug] [2020-10-28T17:16:20.266Z] >>> HTTP REQUEST POST https://cloudresourcemanager.googleapis.com/v1/projects/vfitness-8a2c3:testIamPermissions  
 {"permissions":["firebase.projects.get"]}
[debug] [2020-10-28T17:16:20.301Z] [iam] error while checking permissions, command may fail: FirebaseError: Server Error. getaddrinfo ENOTFOUND cloudresourcemanager.googleapis.com
[debug] [2020-10-28T17:16:22.329Z] [functions] Using node@14 from host.
[debug] [2020-10-28T17:16:22.338Z] [functions] Watching "C:\Users\student\Documents\freelance\backend\functions" for Cloud Functions...
[debug] [2020-10-28T17:16:22.359Z] DEBUG: [worker-pool] addWorker(~diagnostic~)
[debug] [2020-10-28T17:16:22.360Z] DEBUG: [worker-pool] Adding worker with key ~diagnostic~, total=1
[debug] [2020-10-28T17:16:22.360Z] DEBUG: [worker-pool] submitWork(triggerId=)
[debug] [2020-10-28T17:16:22.361Z] DEBUG: [worker-~diagnostic~-9391750f-0b21-4abb-9f8f-316ce6d05f3b]: Assigning socketPath: \\?\pipe\C:\Users\student\Documents\freelance\backend\functions\11024
[debug] [2020-10-28T17:16:22.362Z] DEBUG: [worker-~diagnostic~-9391750f-0b21-4abb-9f8f-316ce6d05f3b]: BUSY
[debug] [2020-10-28T17:16:22.983Z] DEBUG: [runtime-status] [11024] Functions runtime initialized. {"cwd":"C:\\Users\\student\\Documents\\freelance\\backend\\functions","node_version":"14.3.0"}
[debug] [2020-10-28T17:16:22.984Z] DEBUG: [runtime-status] [11024] Disabled runtime features: undefined
[debug] [2020-10-28T17:16:22.988Z] DEBUG: [runtime-status] [11024] Resolved module firebase-admin {"declared":true,"installed":true,"version":"9.3.0","resolution":"C:\\Users\\student\\Documents\\freelance\\backend\\node_modules\\firebase-admin\\lib\\index.js"}
[debug] [2020-10-28T17:16:22.990Z] DEBUG: [runtime-status] [11024] Resolved module firebase-functions {"declared":true,"installed":true,"version":"3.11.0","resolution":"C:\\Users\\student\\Documents\\freelance\\backend\\node_modules\\firebase-functions\\lib\\index.js"}
[debug] [2020-10-28T17:16:22.993Z] DEBUG: [runtime-status] [11024] Resolved module firebase-functions {"declared":true,"installed":true,"version":"3.11.0","resolution":"C:\\Users\\student\\Documents\\freelance\\backend\\node_modules\\firebase-functions\\lib\\index.js"}
[debug] [2020-10-28T17:16:22.995Z] DEBUG: [runtime-status] [11024] Outgoing network have been stubbed. [{"name":"http","status":"mocked"},{"name":"http","status":"mocked"},{"name":"https","status":"mocked"},{"name":"https","status":"mocked"},{"name":"net","status":"mocked"}]
[debug] [2020-10-28T17:16:22.996Z] DEBUG: [runtime-status] [11024] Resolved module firebase-functions {"declared":true,"installed":true,"version":"3.11.0","resolution":"C:\\Users\\student\\Documents\\freelance\\backend\\node_modules\\firebase-functions\\lib\\index.js"}
[debug] [2020-10-28T17:16:23.059Z] DEBUG: [runtime-status] [11024] Checked functions.config() {"config":{}}
[debug] [2020-10-28T17:16:23.059Z] DEBUG: [runtime-status] [11024] firebase-functions has been stubbed. {"functionsResolution":{"declared":true,"installed":true,"version":"3.11.0","resolution":"C:\\Users\\student\\Documents\\freelance\\backend\\node_modules\\firebase-functions\\lib\\index.js"}}
[debug] [2020-10-28T17:16:23.060Z] DEBUG: [runtime-status] [11024] Resolved module firebase-functions {"declared":true,"installed":true,"version":"3.11.0","resolution":"C:\\Users\\student\\Documents\\freelance\\backend\\node_modules\\firebase-functions\\lib\\index.js"}
[debug] [2020-10-28T17:16:23.061Z] DEBUG: [runtime-status] [11024] Resolved module firebase-admin {"declared":true,"installed":true,"version":"9.3.0","resolution":"C:\\Users\\student\\Documents\\freelance\\backend\\node_modules\\firebase-admin\\lib\\index.js"}
[debug] [2020-10-28T17:16:23.062Z] DEBUG: [runtime-status] [11024] Resolved module firebase-functions {"declared":true,"installed":true,"version":"3.11.0","resolution":"C:\\Users\\student\\Documents\\freelance\\backend\\node_modules\\firebase-functions\\lib\\index.js"}
[debug] [2020-10-28T17:16:23.063Z] DEBUG: [runtime-status] [11024] firebase-admin has been stubbed. {"adminResolution":{"declared":true,"installed":true,"version":"9.3.0","resolution":"C:\\Users\\student\\Documents\\freelance\\backend\\node_modules\\firebase-admin\\lib\\index.js"}}
[warn] !  Error: ENOENT: no such file or directory, open './env/development.env'
    at Object.openSync (fs.js:461:3)
    at Object.readFileSync (fs.js:364:35)
    at Object.config (C:\Users\student\Documents\freelance\backend\node_modules\dotenv\lib\main.js:96:29)
    at Object.<anonymous> (C:\Users\student\Documents\freelance\backend\functions\dist\LoadEnv.js:14:34)
    at Module._compile (internal/modules/cjs/loader.js:1200:30)
    at Object.Module._extensions..js (internal/modules/cjs/loader.js:1220:10)
    at Module.load (internal/modules/cjs/loader.js:1049:32)
    at Function.Module._load (internal/modules/cjs/loader.js:937:14)
    at Module.require (internal/modules/cjs/loader.js:1089:19)
    at require (internal/modules/cjs/helpers.js:73:18) {"metadata":{"emulator":{"name":"functions"},"message":"Error: ENOENT: no such file or directory, open './env/development.env'\n    at Object.openSync (fs.js:461:3)\n    at Object.readFileSync (fs.js:364:35)\n    at Object.config (C:\\Users\\student\\Documents\\freelance\\backend\\node_modules\\dotenv\\lib\\main.js:96:29)\n    at Object.<anonymous> (C:\\Users\\student\\Documents\\freelance\\backend\\functions\\dist\\LoadEnv.js:14:34)\n    at Module._compile (internal/modules/cjs/loader.js:1200:30)\n    at Object.Module._extensions..js (internal/modules/cjs/loader.js:1220:10)\n    at Module.load (internal/modules/cjs/loader.js:1049:32)\n    at Function.Module._load (internal/modules/cjs/loader.js:937:14)\n    at Module.require (internal/modules/cjs/loader.js:1089:19)\n    at require (internal/modules/cjs/helpers.js:73:18)"}}
[warn] !  We were unable to load your functions code. (see above)
   - You may be able to run "npm run build" in your functions directory to resolve this. {"metadata":{"emulator":{"name":"functions"}}}
[debug] [2020-10-28T17:16:23.103Z] DEBUG: [worker-~diagnostic~-9391750f-0b21-4abb-9f8f-316ce6d05f3b]: exited
[debug] [2020-10-28T17:16:23.104Z] DEBUG: [worker-~diagnostic~-9391750f-0b21-4abb-9f8f-316ce6d05f3b]: FINISHED
