Arguments: 
  C:\Program Files\nodejs\node.exe C:\Users\student\AppData\Roaming\npm\node_modules\yarn\bin\yarn.js start

PATH: 
  C:\Users\student\bin;C:\Program Files\Git\mingw64\bin;C:\Program Files\Git\usr\local\bin;C:\Program Files\Git\usr\bin;C:\Program Files\Git\usr\bin;C:\Program Files\Git\mingw64\bin;C:\Program Files\Git\usr\bin;C:\Users\student\bin;C:\Program Files (x86)\Common Files\Intel\Shared Libraries\redist\intel64\compiler;C:\WINDOWS\system32;C:\WINDOWS;C:\WINDOWS\System32\Wbem;C:\WINDOWS\System32\WindowsPowerShell\v1.0;C:\WINDOWS\System32\OpenSSH;C:\Program Files\nodejs;C:\Program Files\Git\cmd;C:\Program Files\Docker\Docker\resources\bin;C:\ProgramData\DockerDesktop\version-bin;C:\Users\student\AppData\Local\Microsoft\WindowsApps;C:\Users\student\AppData\Roaming\npm;C:\Users\student\AppData\Local\Programs\Microsoft VS Code\bin;C:\Program Files\heroku\bin;C:\Users\student\.deno\bin;C:\Program Files\Git\usr\bin\vendor_perl;C:\Program Files\Git\usr\bin\core_perl

Yarn version: 
  1.22.10

Node version: 
  14.3.0

Platform: 
  win32 x64

Trace: 
  SyntaxError: C:\Users\student\Documents\freelance\backend\package.json: Unexpected token / in JSON at position 106
      at JSON.parse (<anonymous>)
      at C:\Users\student\AppData\Roaming\npm\node_modules\yarn\lib\cli.js:1625:59
      at Generator.next (<anonymous>)
      at step (C:\Users\student\AppData\Roaming\npm\node_modules\yarn\lib\cli.js:310:30)
      at C:\Users\student\AppData\Roaming\npm\node_modules\yarn\lib\cli.js:321:13

npm manifest: 
  {
    "name": "function",
    "version": "0.0.0",
    "scripts": {
      "dev": "tsc && nodemon dist/app.js",
      // "postinstall": "npm start",
      "serve": "npm run build && firebase emulators:start --only function",
      "shell": "npm run build && firebase shell",
      "start": "tsc && node dist/index.js",
      "start:dev": "npm run build && nodemon",
      "deploy": "firebase deploy --only functions",
      "logs": "firebase functions:log"
    },
    "nodemonConfig": {
      "watch": [
        "src"
      ],
      "ext": "ts, html",
      "ignore": [
        "src/public"
      ]
    },
    "engines": {
      "node": "14"
    },
    "main": "dist/index.js",
    "private": true,
    "dependencies": {
      "@types/cors": "^2.8.8",
      "@types/uuid": "^8.3.0",
      "bcrypt": "^5.0.0",
      "command-line-args": "^5.1.1",
      "cookie-parser": "^1.4.5",
      "cors": "^2.8.5",
      "dotenv": "^8.2.0",
      "express": "^4.17.1",
      "express-async-errors": "^3.1.1",
      "firebase-admin": "^9.3.0",
      "firebase-functions": "^3.11.0",
      "helmet": "^4.1.1",
      "http-status-codes": "^2.1.4",
      "jsonwebtoken": "^8.5.1",
      "module-alias": "^2.2.2",
      "morgan": "^1.10.0",
      "randomstring": "^1.1.5",
      "uuid": "^8.3.1",
      "winston": "^3.3.3"
    },
    "devDependencies": {
      "@types/bcrypt": "^3.0.0",
      "@types/command-line-args": "^5.0.0",
      "@types/cookie-parser": "^1.4.2",
      "@types/express": "^4.17.8",
      "@types/find": "^0.2.1",
      "@types/helmet": "0.0.48",
      "@types/jasmine": "^3.5.14",
      "@types/jsonfile": "^6.0.0",
      "@types/jsonwebtoken": "^8.5.0",
      "@types/morgan": "^1.9.1",
      "@types/node": "^14.11.8",
      "@types/randomstring": "^1.1.6",
      "@types/supertest": "^2.0.10",
      "find": "^0.3.0",
      "firebase-functions-test": "^0.2.3",
      "fs-extra": "^9.0.1",
      "jasmine": "^3.6.1",
      "jsonfile": "^6.0.1",
      "nodemon": "^2.0.5",
      "supertest": "^5.0.0",
      "ts-node": "^9.0.0",
      "tsconfig-paths": "^3.9.0",
      "tslint": "^6.1.3",
      "tslint-lines-between-class-members": "^1.3.6",
      "typescript": "^4.0.3"
    }
  }

yarn manifest: 
  No manifest

Lockfile: 
  No lockfile
