[debug] [2020-11-03T08:28:25.316Z] ----------------------------------------------------------------------
[debug] [2020-11-03T08:28:25.325Z] Command:       C:\Program Files\nodejs\node.exe C:\Users\student\AppData\Roaming\npm\node_modules\firebase-tools\lib\bin\firebase.js deploy --only hosting
[debug] [2020-11-03T08:28:25.327Z] CLI Version:   8.6.0
[debug] [2020-11-03T08:28:25.327Z] Platform:      win32
[debug] [2020-11-03T08:28:25.328Z] Node Version:  v14.3.0
[debug] [2020-11-03T08:28:25.333Z] Time:          Tue Nov 03 2020 00:28:25 GMT-0800 (Pacific Standard Time)
[debug] [2020-11-03T08:28:25.334Z] ----------------------------------------------------------------------
[debug] [2020-11-03T08:28:25.334Z] 
[debug] [2020-11-03T08:28:25.374Z] > command requires scopes: ["email","openid","https://www.googleapis.com/auth/cloudplatformprojects.readonly","https://www.googleapis.com/auth/firebase","https://www.googleapis.com/auth/cloud-platform"]
[debug] [2020-11-03T08:28:25.376Z] > authorizing via signed-in user
[debug] [2020-11-03T08:28:25.377Z] [iam] checking project vfitness-8a2c3 for permissions ["firebase.projects.get","firebasehosting.sites.update"]
[debug] [2020-11-03T08:28:25.386Z] > refreshing access token with scopes: ["email","https://www.googleapis.com/auth/cloud-platform","https://www.googleapis.com/auth/cloudplatformprojects.readonly","https://www.googleapis.com/auth/firebase","openid"]
[debug] [2020-11-03T08:28:25.386Z] >>> HTTP REQUEST POST https://www.googleapis.com/oauth2/v3/token  
 <request body omitted>
[debug] [2020-11-03T08:28:25.433Z] [iam] error while checking permissions, command may fail: FirebaseError: Authentication Error: Your credentials are no longer valid. Please run firebase login --reauth

For CI servers and headless environments, generate a new token with firebase login:ci
[debug] [2020-11-03T08:28:25.434Z] > refreshing access token with scopes: ["email","https://www.googleapis.com/auth/cloud-platform","https://www.googleapis.com/auth/cloudplatformprojects.readonly","https://www.googleapis.com/auth/firebase","openid"]
[debug] [2020-11-03T08:28:25.434Z] >>> HTTP REQUEST POST https://www.googleapis.com/oauth2/v3/token  
 <request body omitted>
[debug] [2020-11-03T08:28:25.448Z] Authentication Error: Your credentials are no longer valid. Please run firebase login --reauth

For CI servers and headless environments, generate a new token with firebase login:ci
[debug] [2020-11-03T08:28:25.458Z] FirebaseError: Authentication Error: Your credentials are no longer valid. Please run firebase login --reauth

For CI servers and headless environments, generate a new token with firebase login:ci
    at Object.<anonymous> (C:\Users\student\AppData\Roaming\npm\node_modules\firebase-tools\lib\auth.js:23:32)
    at Module._compile (internal/modules/cjs/loader.js:1200:30)
    at Object.Module._extensions..js (internal/modules/cjs/loader.js:1220:10)
    at Module.load (internal/modules/cjs/loader.js:1049:32)
    at Function.Module._load (internal/modules/cjs/loader.js:937:14)
    at Module.require (internal/modules/cjs/loader.js:1089:19)
    at require (internal/modules/cjs/helpers.js:73:18)
    at Object.<anonymous> (C:\Users\student\AppData\Roaming\npm\node_modules\firebase-tools\lib\commands\login.js:20:14)
    at Module._compile (internal/modules/cjs/loader.js:1200:30)
    at Object.Module._extensions..js (internal/modules/cjs/loader.js:1220:10)
    at Module.load (internal/modules/cjs/loader.js:1049:32)
    at Function.Module._load (internal/modules/cjs/loader.js:937:14)
    at Module.require (internal/modules/cjs/loader.js:1089:19)
    at require (internal/modules/cjs/helpers.js:73:18)
    at loadCommand (C:\Users\student\AppData\Roaming\npm\node_modules\firebase-tools\lib\commands\index.js:5:19)
    at module.exports (C:\Users\student\AppData\Roaming\npm\node_modules\firebase-tools\lib\commands\index.js:89:20)
[error] 
[error] Error: Failed to get Firebase project vfitness-8a2c3. Please make sure the project exists and your account has permission to access it.
